Arguments: 
  /home/mirelly/.nvm/versions/node/v17.6.0/bin/node /home/mirelly/.nvm/versions/node/v17.6.0/bin/yarn add -D nodemon]

PATH: 
  /home/mirelly/.vscode-server/bin/8908a9ca0f221f36507231afb39d2d8d1e182702/bin/remote-cli:/home/mirelly/.sdkman/candidates/java/current/bin:/home/mirelly/.sdkman/candidates/gradle/current/bin:/home/mirelly/.nvm/versions/node/v17.6.0/bin:/usr/local/sbin:/usr/local/bin:/usr/sbin:/usr/bin:/sbin:/bin:/usr/games:/usr/local/games:/usr/lib/wsl/lib:/mnt/c/Program Files/Common Files/Oracle/Java/javapath:/mnt/c/Program Files (x86)/Common Files/Oracle/Java/javapath:/mnt/c/Windows/system32:/mnt/c/Windows:/mnt/c/Windows/System32/Wbem:/mnt/c/Windows/System32/WindowsPowerShell/v1.0/:/mnt/c/Windows/System32/OpenSSH/:/mnt/c/Program Files/Git/cmd:/mnt/c/Users/micae/AppData/Local/Microsoft/WindowsApps:/mnt/c/Users/micae/AppData/Local/Programs/Microsoft VS Code/bin:/snap/bin

Yarn version: 
  1.22.17

Node version: 
  17.6.0

Platform: 
  linux x64

Trace: 
  Error: https://registry.yarnpkg.com/nodemon]: Not found
      at Request.params.callback [as _callback] (/home/mirelly/.nvm/versions/node/v17.6.0/lib/node_modules/yarn/lib/cli.js:67029:18)
      at Request.self.callback (/home/mirelly/.nvm/versions/node/v17.6.0/lib/node_modules/yarn/lib/cli.js:140883:22)
      at Request.emit (node:events:527:28)
      at Request.<anonymous> (/home/mirelly/.nvm/versions/node/v17.6.0/lib/node_modules/yarn/lib/cli.js:141855:10)
      at Request.emit (node:events:527:28)
      at IncomingMessage.<anonymous> (/home/mirelly/.nvm/versions/node/v17.6.0/lib/node_modules/yarn/lib/cli.js:141777:12)
      at Object.onceWrapper (node:events:641:28)
      at IncomingMessage.emit (node:events:539:35)
      at endReadableNT (node:internal/streams/readable:1342:12)
      at processTicksAndRejections (node:internal/process/task_queues:83:21)

npm manifest: 
  {
    "name": "upload-docs-api",
    "version": "1.0.0",
    "description": "",
    "main": "app.ts",
    "scripts": {
      "test": "echo \"Error: no test specified\" && exit 1",
      "dev": "ts-node-dev --transpile-only --ignore-watch node_modules src/server.ts"
    },
    "author": "",
    "license": "ISC",
    "dependencies": {
      "body-parser": "^1.19.2",
      "cors": "^2.8.5",
      "express": "^4.17.3",
      "multer": "^1.4.4",
      "mysql": "^2.18.1",
      "ts-node-dev": "^1.1.8",
      "typescript": "^4.6.2"
    },
    "devDependencies": {
      "@types/cors": "^2.8.12",
      "@types/express": "^4.17.13",
      "@types/multer": "^1.4.7",
      "@types/mysql": "^2.15.21"
    }
  }

yarn manifest: 
  No manifest

Lockfile: 
  No lockfile
